<?xml version="1.0" encoding="UTF-8"?>
<!-- Generated by org.testng.reporters.JUnitXMLReporter -->
<testsuite hostname="Rohitt-Reddy1" failures="0" tests="4" name="Car Loan" time="0.064" errors="0" timestamp="5 Mar 2024 21:46:57 GMT">
  <testcase classname="test_TestNG.day1" name="demo" time="0.02"/>
  <testcase classname="test_TestNG.day1" name="demo2" time="0.004"/>
  <testcase classname="test_TestNG.day2" name="WebLoginCarLoan" time="0.005"/>
  <testcase classname="test_TestNG.day2" name="APILoginCarLoan" time="0.002"/>
</testsuite> <!-- Car Loan -->
