<?xml version="1.0" encoding="UTF-8"?>
<testng-results total="1" passed="1" failed="0" skipped="0">
  <reporter-output>
  </reporter-output>
  <suite started-at="2024-03-14T10:49:06Z" name="Default suite" finished-at="2024-03-14T10:49:20Z" duration-ms="13410">
    <groups>
    </groups>
    <test started-at="2024-03-14T10:49:06Z" name="Default test" finished-at="2024-03-14T10:49:20Z" duration-ms="13410">
      <class name="test_TestNG.Extent_Reports">
        <test-method is-config="true" signature="config()[pri:0, instance:test_TestNG.Extent_Reports@2c78d320]" started-at="2024-03-14T16:19:06Z" name="config" finished-at="2024-03-14T16:19:07Z" duration-ms="522" status="PASS">
          <reporter-output>
          </reporter-output>
        </test-method> <!-- config -->
        <test-method signature="initialDemo()[pri:0, instance:test_TestNG.Extent_Reports@2c78d320]" started-at="2024-03-14T16:19:07Z" name="initialDemo" finished-at="2024-03-14T16:19:20Z" duration-ms="12866" status="PASS">
          <reporter-output>
          </reporter-output>
        </test-method> <!-- initialDemo -->
      </class> <!-- test_TestNG.Extent_Reports -->
    </test> <!-- Default test -->
  </suite> <!-- Default suite -->
</testng-results>
